<?xml version="1.0" encoding="UTF-8"?>
<!-- Generated by org.testng.reporters.JUnitXMLReporter -->
<testsuite hostname="DESKTOP-PBJ1LCU" ignored="0" name="Test" tests="6" failures="0" timestamp="24 Apr 2020 07:25:03 GMT" time="7.771" errors="0">
  <testcase name="getMethodStatusCode" time="6.848" classname="apiTestcases.AuthenticartionGettestcases"/>
  <testcase name="getMethodResponseTime" time="0.011" classname="apiTestcases.AuthenticartionGettestcases"/>
  <testcase name="getMethodValidateJsonData" time="0.093" classname="apiTestcases.AuthenticartionGettestcases"/>
  <testcase name="getMethodStatusCodeInvalid" time="0.669" classname="apiTestcases.AuthenticartionGettestcases"/>
  <testcase name="getMethodValidateJsonDataForInvalid" time="0.012" classname="apiTestcases.AuthenticartionGettestcases"/>
  <testcase name="getMethodValidateHeaders" time="0.003" classname="apiTestcases.AuthenticartionGettestcases"/>
</testsuite> <!-- Test -->
